<?xml version="1.0" encoding="UTF-8"?>
<!-- Generated by org.testng.reporters.JUnitReportReporter -->
<testsuite hostname="DESKTOP-HPNOI30" failures="0" tests="1" name="tests.ReadTextFromBarcodeTest" time="22.254" errors="0" timestamp="2024-03-06T15:43:07 IST" skipped="0">
  <testcase classname="tests.ReadTextFromBarcodeTest" name="barcodeTest" time="22.254"/>
  <system-out/>
</testsuite> <!-- tests.ReadTextFromBarcodeTest -->
