<?xml version="1.0" encoding="UTF-8"?>
<!-- Generated by org.testng.reporters.JUnitReportReporter -->
<testsuite hostname="DESKTOP-HPNOI30" failures="0" tests="1" name="tests.NDTVWeather" time="18.207" errors="0" timestamp="2023-09-19T22:45:31 IST" skipped="0">
  <testcase classname="tests.NDTVWeather" name="getTempInfoOfCity" time="18.207"/>
  <system-out/>
</testsuite> <!-- tests.NDTVWeather -->
