<?xml version="1.0" encoding="UTF-8"?>
<!-- Generated by org.testng.reporters.JUnitReportReporter -->
<testsuite hostname="DESKTOP-HPNOI30" failures="0" tests="1" name="utils.TempDataIntoExcel" time="4.002" errors="0" timestamp="2023-11-17T16:47:15 IST" skipped="0">
  <testcase classname="utils.TempDataIntoExcel" name="writeDataIntiExcel" time="4.002"/>
  <system-out/>
</testsuite> <!-- utils.TempDataIntoExcel -->
