<?xml version="1.0" encoding="UTF-8"?>
<!-- Generated by org.testng.reporters.JUnitReportReporter -->
<testsuite hostname="DESKTOP-HPNOI30" failures="0" tests="3" name="tests.DataProviderTest" time="68.173" errors="0" timestamp="2023-08-19T20:36:40 IST" skipped="0">
  <testcase classname="tests.DataProviderTest" name="dataProviderTest" time="35.202"/>
  <system-out/>
  <testcase classname="tests.DataProviderTest" name="dataProviderTest" time="17.066"/>
  <system-out/>
  <testcase classname="tests.DataProviderTest" name="dataProviderTest" time="15.905"/>
  <system-out/>
</testsuite> <!-- tests.DataProviderTest -->
