<?xml version="1.0" encoding="UTF-8"?>
<!-- Generated by org.testng.reporters.JUnitReportReporter -->
<testsuite hostname="DESKTOP-HPNOI30" failures="0" tests="1" name="tests.NDTVWeatherTest" time="30.898" errors="0" timestamp="2023-11-17T18:02:46 IST" skipped="0">
  <testcase classname="tests.NDTVWeatherTest" name="getTempInfoOfCity" time="30.898"/>
  <system-out/>
</testsuite> <!-- tests.NDTVWeatherTest -->
