<?xml version="1.0" encoding="UTF-8"?>
<!-- Generated by org.testng.reporters.JUnitReportReporter -->
<testsuite hostname="DESKTOP-HPNOI30" failures="0" tests="1" name="tests.ETMoneyTest" time="32.878" errors="0" timestamp="2024-02-27T16:51:46 IST" skipped="0">
  <testcase classname="tests.ETMoneyTest" name="etMoneyPPFCalculator" time="32.878"/>
  <system-out/>
</testsuite> <!-- tests.ETMoneyTest -->
