<?xml version="1.0" encoding="UTF-8"?>
<!-- Generated by org.testng.reporters.JUnitReportReporter -->
<testsuite hostname="DESKTOP-HPNOI30" failures="0" tests="1" name="tests.ScrollUpDemo" time="29.863" errors="0" timestamp="2023-08-31T17:17:21 IST" skipped="0">
  <testcase classname="tests.ScrollUpDemo" name="scrollTest" time="29.863"/>
  <system-out/>
</testsuite> <!-- tests.ScrollUpDemo -->
