<?xml version="1.0" encoding="UTF-8"?>
<!-- Generated by org.testng.reporters.JUnitReportReporter -->
<testsuite hostname="DESKTOP-HPNOI30" failures="0" tests="1" name="tests.MaxHealthcareTest" time="45.962" errors="0" timestamp="2024-02-27T23:23:51 IST" skipped="0">
  <testcase classname="tests.MaxHealthcareTest" name="maxHealthcareTest" time="45.962"/>
  <system-out/>
</testsuite> <!-- tests.MaxHealthcareTest -->
