<?xml version="1.0" encoding="UTF-8"?>
<!-- Generated by org.testng.reporters.JUnitReportReporter -->
<testsuite hostname="DESKTOP-HPNOI30" failures="0" tests="1" name="tests.FlipkartProductTest" time="138.493" errors="0" timestamp="2025-02-13T19:57:01 IST" skipped="0">
  <testcase classname="tests.FlipkartProductTest" name="flipkartProductTest" time="138.493"/>
  <system-out/>
</testsuite> <!-- tests.FlipkartProductTest -->
